<?xml version="1.0" encoding="UTF-8" ?>
<testsuite errors="0" failures="0" hostname="Victor.local" name="com.augustovictor.bankaccount.tests.GoodTestsSuite" skipped="0" tests="3" time="0.063" timestamp="2016-09-11T19:41:16">
  <properties>
[...]
</properties>
  <testcase classname="com.augustovictor.bankaccount.tests.HelloJUnitTest" name="WhenMakingDepositAccountBalanceIncreases" time="0.009" />
  <testcase classname="com.augustovictor.bankaccount.tests.HelloJUnitTest" name="WhenAmountProvidedNegativeExceptionIsThrown" time="0.004" />
  <testcase classname="com.augustovictor.bankaccount.tests.HelloJUnitTest" name="WhenWithdrawalAccountBalanceDecreases" time="0.0" />
  <system-out><![CDATA[Executed before class
Before
After (Used when rolling back created data)
Before
After (Used when rolling back created data)
Before
After (Used when rolling back created data)
Executed after class
]]></system-out>
  <system-err><![CDATA[]]></system-err>
</testsuite>
